{"numTotalTestSuites":32,"numPassedTestSuites":32,"numFailedTestSuites":0,"numPendingTestSuites":0,"numTotalTests":131,"numPassedTests":131,"numFailedTests":0,"numPendingTests":0,"numTodoTests":0,"snapshot":{"added":0,"failure":false,"filesAdded":0,"filesRemoved":0,"filesRemovedList":[],"filesUnmatched":0,"filesUpdated":0,"matched":0,"total":0,"unchecked":0,"uncheckedKeysByFile":[],"unmatched":0,"updated":0,"didUpdate":false},"startTime":1770133305018,"success":true,"testResults":[{"assertionResults":[{"ancestorTitles":["E0-S1-PR01: F0.17 GitHub Repository Setup","F0.17.1.T001: Repository Settings"],"fullName":"E0-S1-PR01: F0.17 GitHub Repository Setup F0.17.1.T001: Repository Settings should have .gitignore file","status":"passed","title":"should have .gitignore file","duration":1.134980999999982,"failureMessages":[],"meta":{}},{"ancestorTitles":["E0-S1-PR01: F0.17 GitHub Repository Setup","F0.17.1.T001: Repository Settings"],"fullName":"E0-S1-PR01: F0.17 GitHub Repository Setup F0.17.1.T001: Repository Settings should have README.md","status":"passed","title":"should have README.md","duration":0.210832000000039,"failureMessages":[],"meta":{}},{"ancestorTitles":["E0-S1-PR01: F0.17 GitHub Repository Setup","F0.17.1.T001: Repository Settings"],"fullName":"E0-S1-PR01: F0.17 GitHub Repository Setup F0.17.1.T001: Repository Settings should have package.json with project name","status":"passed","title":"should have package.json with project name","duration":0.33580200000000104,"failureMessages":[],"meta":{}},{"ancestorTitles":["E0-S1-PR01: F0.17 GitHub Repository Setup","F0.17.1.T001: Repository Settings"],"fullName":"E0-S1-PR01: F0.17 GitHub Repository Setup F0.17.1.T001: Repository Settings should have LICENSE file or be private","status":"passed","title":"should have LICENSE file or be private","duration":0.22769599999998036,"failureMessages":[],"meta":{}},{"ancestorTitles":["E0-S1-PR01: F0.17 GitHub Repository Setup","F0.17.1.T002: CODEOWNERS Configuration"],"fullName":"E0-S1-PR01: F0.17 GitHub Repository Setup F0.17.1.T002: CODEOWNERS Configuration should have CODEOWNERS file","status":"passed","title":"should have CODEOWNERS file","duration":0.18034099999999853,"failureMessages":[],"meta":{}},{"ancestorTitles":["E0-S1-PR01: F0.17 GitHub Repository Setup","F0.17.1.T002: CODEOWNERS Configuration"],"fullName":"E0-S1-PR01: F0.17 GitHub Repository Setup F0.17.1.T002: CODEOWNERS Configuration should define owners for /apps directory","status":"passed","title":"should define owners for /apps directory","duration":0.3045600000000377,"failureMessages":[],"meta":{}},{"ancestorTitles":["E0-S1-PR01: F0.17 GitHub Repository Setup","F0.17.1.T002: CODEOWNERS Configuration"],"fullName":"E0-S1-PR01: F0.17 GitHub Repository Setup F0.17.1.T002: CODEOWNERS Configuration should define owners for /docs directory","status":"passed","title":"should define owners for /docs directory","duration":0.2136679999999842,"failureMessages":[],"meta":{}},{"ancestorTitles":["E0-S1-PR01: F0.17 GitHub Repository Setup","F0.17.1.T002: CODEOWNERS Configuration"],"fullName":"E0-S1-PR01: F0.17 GitHub Repository Setup F0.17.1.T002: CODEOWNERS Configuration should have at least one owner defined","status":"passed","title":"should have at least one owner defined","duration":0.20738499999998794,"failureMessages":[],"meta":{}},{"ancestorTitles":["E0-S1-PR01: F0.17 GitHub Repository Setup","F0.17.1.T003: Issue/PR Templates"],"fullName":"E0-S1-PR01: F0.17 GitHub Repository Setup F0.17.1.T003: Issue/PR Templates should have ISSUE_TEMPLATE directory","status":"passed","title":"should have ISSUE_TEMPLATE directory","duration":0.1844300000000203,"failureMessages":[],"meta":{}},{"ancestorTitles":["E0-S1-PR01: F0.17 GitHub Repository Setup","F0.17.1.T003: Issue/PR Templates"],"fullName":"E0-S1-PR01: F0.17 GitHub Repository Setup F0.17.1.T003: Issue/PR Templates should have bug_report template","status":"passed","title":"should have bug_report template","duration":0.1844400000000519,"failureMessages":[],"meta":{}},{"ancestorTitles":["E0-S1-PR01: F0.17 GitHub Repository Setup","F0.17.1.T003: Issue/PR Templates"],"fullName":"E0-S1-PR01: F0.17 GitHub Repository Setup F0.17.1.T003: Issue/PR Templates should have feature_request template","status":"passed","title":"should have feature_request template","duration":0.16102200000000266,"failureMessages":[],"meta":{}},{"ancestorTitles":["E0-S1-PR01: F0.17 GitHub Repository Setup","F0.17.1.T003: Issue/PR Templates"],"fullName":"E0-S1-PR01: F0.17 GitHub Repository Setup F0.17.1.T003: Issue/PR Templates should have PR template","status":"passed","title":"should have PR template","duration":0.18200400000000627,"failureMessages":[],"meta":{}},{"ancestorTitles":["E0-S1-PR01: F0.17 GitHub Repository Setup","F0.17.1.T003: Issue/PR Templates"],"fullName":"E0-S1-PR01: F0.17 GitHub Repository Setup F0.17.1.T003: Issue/PR Templates bug template should have required sections","status":"passed","title":"bug template should have required sections","duration":0.20057099999996808,"failureMessages":[],"meta":{}},{"ancestorTitles":["E0-S1-PR01: F0.17 GitHub Repository Setup","F0.17.1.T003: Issue/PR Templates"],"fullName":"E0-S1-PR01: F0.17 GitHub Repository Setup F0.17.1.T003: Issue/PR Templates feature template should have required sections","status":"passed","title":"feature template should have required sections","duration":0.1973649999999907,"failureMessages":[],"meta":{}},{"ancestorTitles":["E0-S1-PR01: F0.17 GitHub Repository Setup","F0.17.1.T003: Issue/PR Templates"],"fullName":"E0-S1-PR01: F0.17 GitHub Repository Setup F0.17.1.T003: Issue/PR Templates PR template should have checklist","status":"passed","title":"PR template should have checklist","duration":0.1822740000000067,"failureMessages":[],"meta":{}},{"ancestorTitles":["E0-S1-PR01: F0.17 GitHub Repository Setup","F0.17.1.T004: GitHub Actions Configuration"],"fullName":"E0-S1-PR01: F0.17 GitHub Repository Setup F0.17.1.T004: GitHub Actions Configuration should have .github/workflows directory","status":"passed","title":"should have .github/workflows directory","duration":0.18299600000000282,"failureMessages":[],"meta":{}},{"ancestorTitles":["E0-S1-PR01: F0.17 GitHub Repository Setup","F0.17.1.T004: GitHub Actions Configuration"],"fullName":"E0-S1-PR01: F0.17 GitHub Repository Setup F0.17.1.T004: GitHub Actions Configuration should have at least one workflow file","status":"passed","title":"should have at least one workflow file","duration":0.268888000000004,"failureMessages":[],"meta":{}},{"ancestorTitles":["E0-S1-PR02: F0.15 CI/CD Base","F0.15.1.T001: CI Workflow for PRs"],"fullName":"E0-S1-PR02: F0.15 CI/CD Base F0.15.1.T001: CI Workflow for PRs should have ci-pr.yml workflow","status":"passed","title":"should have ci-pr.yml workflow","duration":0.14246599999995624,"failureMessages":[],"meta":{}},{"ancestorTitles":["E0-S1-PR02: F0.15 CI/CD Base","F0.15.1.T001: CI Workflow for PRs"],"fullName":"E0-S1-PR02: F0.15 CI/CD Base F0.15.1.T001: CI Workflow for PRs should trigger on pull_request to main","status":"passed","title":"should trigger on pull_request to main","duration":0.19554099999999153,"failureMessages":[],"meta":{}},{"ancestorTitles":["E0-S1-PR02: F0.15 CI/CD Base","F0.15.1.T001: CI Workflow for PRs"],"fullName":"E0-S1-PR02: F0.15 CI/CD Base F0.15.1.T001: CI Workflow for PRs should trigger on pull_request to develop","status":"passed","title":"should trigger on pull_request to develop","duration":0.22322600000001103,"failureMessages":[],"meta":{}},{"ancestorTitles":["E0-S1-PR02: F0.15 CI/CD Base","F0.15.1.T001: CI Workflow for PRs"],"fullName":"E0-S1-PR02: F0.15 CI/CD Base F0.15.1.T001: CI Workflow for PRs should have lint job","status":"passed","title":"should have lint job","duration":0.3395590000000084,"failureMessages":[],"meta":{}},{"ancestorTitles":["E0-S1-PR02: F0.15 CI/CD Base","F0.15.1.T001: CI Workflow for PRs"],"fullName":"E0-S1-PR02: F0.15 CI/CD Base F0.15.1.T001: CI Workflow for PRs should have test job","status":"passed","title":"should have test job","duration":0.37829700000003186,"failureMessages":[],"meta":{}},{"ancestorTitles":["E0-S1-PR02: F0.15 CI/CD Base","F0.15.1.T001: CI Workflow for PRs"],"fullName":"E0-S1-PR02: F0.15 CI/CD Base F0.15.1.T001: CI Workflow for PRs should have typecheck step","status":"passed","title":"should have typecheck step","duration":1.5577679999999532,"failureMessages":[],"meta":{}},{"ancestorTitles":["E0-S1-PR02: F0.15 CI/CD Base","F0.15.1.T001: CI Workflow for PRs"],"fullName":"E0-S1-PR02: F0.15 CI/CD Base F0.15.1.T001: CI Workflow for PRs should use pnpm","status":"passed","title":"should use pnpm","duration":0.19183399999997164,"failureMessages":[],"meta":{}},{"ancestorTitles":["E0-S1-PR02: F0.15 CI/CD Base","F0.15.1.T001: CI Workflow for PRs"],"fullName":"E0-S1-PR02: F0.15 CI/CD Base F0.15.1.T001: CI Workflow for PRs should use Node.js 24+","status":"passed","title":"should use Node.js 24+","duration":0.20980000000002974,"failureMessages":[],"meta":{}},{"ancestorTitles":["E0-S1-PR02: F0.15 CI/CD Base","F0.15.1.T002: CD Workflow for Deploy"],"fullName":"E0-S1-PR02: F0.15 CI/CD Base F0.15.1.T002: CD Workflow for Deploy should have deploy.yml workflow","status":"passed","title":"should have deploy.yml workflow","duration":0.13571200000001227,"failureMessages":[],"meta":{}},{"ancestorTitles":["E0-S1-PR02: F0.15 CI/CD Base","F0.15.1.T002: CD Workflow for Deploy"],"fullName":"E0-S1-PR02: F0.15 CI/CD Base F0.15.1.T002: CD Workflow for Deploy should trigger on tags","status":"passed","title":"should trigger on tags","duration":0.196803999999986,"failureMessages":[],"meta":{}},{"ancestorTitles":["E0-S1-PR02: F0.15 CI/CD Base","F0.15.1.T002: CD Workflow for Deploy"],"fullName":"E0-S1-PR02: F0.15 CI/CD Base F0.15.1.T002: CD Workflow for Deploy should support manual workflow_dispatch","status":"passed","title":"should support manual workflow_dispatch","duration":0.18990999999999758,"failureMessages":[],"meta":{}},{"ancestorTitles":["E0-S1-PR02: F0.15 CI/CD Base","F0.15.1.T002: CD Workflow for Deploy"],"fullName":"E0-S1-PR02: F0.15 CI/CD Base F0.15.1.T002: CD Workflow for Deploy should have staging deployment job","status":"passed","title":"should have staging deployment job","duration":0.2208119999999667,"failureMessages":[],"meta":{}},{"ancestorTitles":["E0-S1-PR02: F0.15 CI/CD Base","F0.15.1.T002: CD Workflow for Deploy"],"fullName":"E0-S1-PR02: F0.15 CI/CD Base F0.15.1.T002: CD Workflow for Deploy should have production deployment job","status":"passed","title":"should have production deployment job","duration":0.236974000000032,"failureMessages":[],"meta":{}},{"ancestorTitles":["E0-S1-PR02: F0.15 CI/CD Base","F0.15.1.T002: CD Workflow for Deploy"],"fullName":"E0-S1-PR02: F0.15 CI/CD Base F0.15.1.T002: CD Workflow for Deploy should use Docker Compose for deployment","status":"passed","title":"should use Docker Compose for deployment","duration":0.28988099999997985,"failureMessages":[],"meta":{}},{"ancestorTitles":["E0-S1-PR02: F0.15 CI/CD Base","F0.15.1.T002: CD Workflow for Deploy"],"fullName":"E0-S1-PR02: F0.15 CI/CD Base F0.15.1.T002: CD Workflow for Deploy should have health check after deploy","status":"passed","title":"should have health check after deploy","duration":0.29702399999996487,"failureMessages":[],"meta":{}},{"ancestorTitles":["E0-S1-PR02: F0.15 CI/CD Base","F0.15.1.T003: GitHub Secrets Configuration"],"fullName":"E0-S1-PR02: F0.15 CI/CD Base F0.15.1.T003: GitHub Secrets Configuration should reference SSH secrets in deploy workflow","status":"passed","title":"should reference SSH secrets in deploy workflow","duration":0.3391589999999951,"failureMessages":[],"meta":{}},{"ancestorTitles":["E0-S1-PR02: F0.15 CI/CD Base","F0.15.1.T003: GitHub Secrets Configuration"],"fullName":"E0-S1-PR02: F0.15 CI/CD Base F0.15.1.T003: GitHub Secrets Configuration should reference host secrets","status":"passed","title":"should reference host secrets","duration":0.2674149999999713,"failureMessages":[],"meta":{}},{"ancestorTitles":["E0-S1-PR02: F0.15 CI/CD Base","F0.15.1.T003: GitHub Secrets Configuration"],"fullName":"E0-S1-PR02: F0.15 CI/CD Base F0.15.1.T003: GitHub Secrets Configuration should use secrets safely (not directly echoed)","status":"passed","title":"should use secrets safely (not directly echoed)","duration":0.19679300000001376,"failureMessages":[],"meta":{}},{"ancestorTitles":["E0-S1-PR02: F0.15 CI/CD Base","F0.15.1.T004: Branch Protection Rules (via workflow)"],"fullName":"E0-S1-PR02: F0.15 CI/CD Base F0.15.1.T004: Branch Protection Rules (via workflow) CI workflow should have concurrency group","status":"passed","title":"CI workflow should have concurrency group","duration":0.1549800000000232,"failureMessages":[],"meta":{}},{"ancestorTitles":["E0-S1-PR02: F0.15 CI/CD Base","F0.15.1.T004: Branch Protection Rules (via workflow)"],"fullName":"E0-S1-PR02: F0.15 CI/CD Base F0.15.1.T004: Branch Protection Rules (via workflow) CI workflow should cancel in-progress runs","status":"passed","title":"CI workflow should cancel in-progress runs","duration":0.13793599999996786,"failureMessages":[],"meta":{}},{"ancestorTitles":["E0-S1-PR02: F0.15 CI/CD Base","F0.15.1.T005: GitHub Environments"],"fullName":"E0-S1-PR02: F0.15 CI/CD Base F0.15.1.T005: GitHub Environments deploy workflow should define staging environment","status":"passed","title":"deploy workflow should define staging environment","duration":0.2083369999999718,"failureMessages":[],"meta":{}},{"ancestorTitles":["E0-S1-PR02: F0.15 CI/CD Base","F0.15.1.T005: GitHub Environments"],"fullName":"E0-S1-PR02: F0.15 CI/CD Base F0.15.1.T005: GitHub Environments deploy workflow should define production environment","status":"passed","title":"deploy workflow should define production environment","duration":0.20262599999995246,"failureMessages":[],"meta":{}},{"ancestorTitles":["E0-S1-PR02: F0.15 CI/CD Base","F0.15.1.T005: GitHub Environments"],"fullName":"E0-S1-PR02: F0.15 CI/CD Base F0.15.1.T005: GitHub Environments environments should have URLs","status":"passed","title":"environments should have URLs","duration":0.15288599999996677,"failureMessages":[],"meta":{}},{"ancestorTitles":["E0-S1-PR02: F0.15 CI/CD Base","F0.15.1.T006: Pipeline Validation"],"fullName":"E0-S1-PR02: F0.15 CI/CD Base F0.15.1.T006: Pipeline Validation CI workflow should be valid YAML","status":"passed","title":"CI workflow should be valid YAML","duration":20.36641099999997,"failureMessages":[],"meta":{}},{"ancestorTitles":["E0-S1-PR02: F0.15 CI/CD Base","F0.15.1.T006: Pipeline Validation"],"fullName":"E0-S1-PR02: F0.15 CI/CD Base F0.15.1.T006: Pipeline Validation deploy workflow should be valid YAML","status":"passed","title":"deploy workflow should be valid YAML","duration":11.652019999999993,"failureMessages":[],"meta":{}},{"ancestorTitles":["E0-S1-PR02: F0.15 CI/CD Base","F0.15.1.T006: Pipeline Validation"],"fullName":"E0-S1-PR02: F0.15 CI/CD Base F0.15.1.T006: Pipeline Validation CI workflow should have timeout","status":"passed","title":"CI workflow should have timeout","duration":0.19444900000002008,"failureMessages":[],"meta":{}},{"ancestorTitles":["E0-S1-PR02: F0.15 CI/CD Base","F0.15.1.T006: Pipeline Validation"],"fullName":"E0-S1-PR02: F0.15 CI/CD Base F0.15.1.T006: Pipeline Validation workflows should use checkout action v4","status":"passed","title":"workflows should use checkout action v4","duration":0.20437900000001719,"failureMessages":[],"meta":{}},{"ancestorTitles":["E0-S1-PR03: F0.16 DNS & Domain Configuration","F0.16.1.T001: DNS Records Documentation"],"fullName":"E0-S1-PR03: F0.16 DNS & Domain Configuration F0.16.1.T001: DNS Records Documentation should have DNS documentation","status":"passed","title":"should have DNS documentation","duration":0.1286670000000072,"failureMessages":[],"meta":{}},{"ancestorTitles":["E0-S1-PR03: F0.16 DNS & Domain Configuration","F0.16.1.T002: Subdomain Configuration"],"fullName":"E0-S1-PR03: F0.16 DNS & Domain Configuration F0.16.1.T002: Subdomain Configuration Traefik config should reference expected domains","status":"passed","title":"Traefik config should reference expected domains","duration":0.1450399999999945,"failureMessages":[],"meta":{}},{"ancestorTitles":["E0-S1-PR03: F0.16 DNS & Domain Configuration","F0.16.1.T003: DNS Propagation Verification"],"fullName":"E0-S1-PR03: F0.16 DNS & Domain Configuration F0.16.1.T003: DNS Propagation Verification should have environment URLs defined in deploy workflow","status":"passed","title":"should have environment URLs defined in deploy workflow","duration":0.25406800000001795,"failureMessages":[],"meta":{}},{"ancestorTitles":["E0-S1 Sprint Summary"],"fullName":"E0-S1 Sprint Summary should have all required GitHub configurations","status":"passed","title":"should have all required GitHub configurations","duration":0.7651619999999753,"failureMessages":[],"meta":{}},{"ancestorTitles":["E0-S1 Sprint Summary"],"fullName":"E0-S1 Sprint Summary should have CI pipeline with lint, test, and build capabilities","status":"passed","title":"should have CI pipeline with lint, test, and build capabilities","duration":0.21747599999997647,"failureMessages":[],"meta":{}},{"ancestorTitles":["E0-S1 Sprint Summary"],"fullName":"E0-S1 Sprint Summary should have CD pipeline with staging and production","status":"passed","title":"should have CD pipeline with staging and production","duration":0.2228460000000041,"failureMessages":[],"meta":{}},{"ancestorTitles":["E0-S1 Sprint Summary"],"fullName":"E0-S1 Sprint Summary should have proper project structure for monorepo","status":"passed","title":"should have proper project structure for monorepo","duration":0.10520999999999958,"failureMessages":[],"meta":{}}],"startTime":1770133305456,"endTime":1770133305502.223,"status":"passed","message":"","name":"/var/www/CerniqAPP/tests/e2e/infrastructure/e0-s1-github-cicd-dns.test.ts"},{"assertionResults":[{"ancestorTitles":["F0.1.1: Docker Engine Setup","F0.1.1.T001: Docker Engine Installation"],"fullName":"F0.1.1: Docker Engine Setup F0.1.1.T001: Docker Engine Installation should have Docker Engine 28.x+ installed","status":"passed","title":"should have Docker Engine 28.x+ installed","duration":30.719892000000016,"failureMessages":[],"meta":{}},{"ancestorTitles":["F0.1.1: Docker Engine Setup","F0.1.1.T001: Docker Engine Installation"],"fullName":"F0.1.1: Docker Engine Setup F0.1.1.T001: Docker Engine Installation should have Docker Compose v2.40+ installed","status":"passed","title":"should have Docker Compose v2.40+ installed","duration":60.996294999999975,"failureMessages":[],"meta":{}},{"ancestorTitles":["F0.1.1: Docker Engine Setup","F0.1.1.T001: Docker Engine Installation"],"fullName":"F0.1.1: Docker Engine Setup F0.1.1.T001: Docker Engine Installation should have Docker service running","status":"passed","title":"should have Docker service running","duration":8.316333999999983,"failureMessages":[],"meta":{}},{"ancestorTitles":["F0.1.1: Docker Engine Setup","F0.1.1.T002: daemon.json Configuration"],"fullName":"F0.1.1: Docker Engine Setup F0.1.1.T002: daemon.json Configuration should have daemon.json template in repo","status":"passed","title":"should have daemon.json template in repo","duration":0.23666400000001886,"failureMessages":[],"meta":{}},{"ancestorTitles":["F0.1.1: Docker Engine Setup","F0.1.1.T002: daemon.json Configuration"],"fullName":"F0.1.1: Docker Engine Setup F0.1.1.T002: daemon.json Configuration should have valid JSON syntax","status":"passed","title":"should have valid JSON syntax","duration":0.3867040000000088,"failureMessages":[],"meta":{}},{"ancestorTitles":["F0.1.1: Docker Engine Setup","F0.1.1.T002: daemon.json Configuration"],"fullName":"F0.1.1: Docker Engine Setup F0.1.1.T002: daemon.json Configuration should have correct storage driver","status":"passed","title":"should have correct storage driver","duration":0.23904900000002272,"failureMessages":[],"meta":{}},{"ancestorTitles":["F0.1.1: Docker Engine Setup","F0.1.1.T002: daemon.json Configuration"],"fullName":"F0.1.1: Docker Engine Setup F0.1.1.T002: daemon.json Configuration should have live-restore enabled","status":"passed","title":"should have live-restore enabled","duration":0.20150300000000243,"failureMessages":[],"meta":{}},{"ancestorTitles":["F0.1.1: Docker Engine Setup","F0.1.1.T002: daemon.json Configuration"],"fullName":"F0.1.1: Docker Engine Setup F0.1.1.T002: daemon.json Configuration should have userland-proxy disabled for performance","status":"passed","title":"should have userland-proxy disabled for performance","duration":0.19392800000002808,"failureMessages":[],"meta":{}},{"ancestorTitles":["F0.1.1: Docker Engine Setup","F0.1.1.T002: daemon.json Configuration"],"fullName":"F0.1.1: Docker Engine Setup F0.1.1.T002: daemon.json Configuration should have correct log rotation settings","status":"passed","title":"should have correct log rotation settings","duration":0.25556200000005447,"failureMessages":[],"meta":{}},{"ancestorTitles":["F0.1.1: Docker Engine Setup","F0.1.1.T002: daemon.json Configuration"],"fullName":"F0.1.1: Docker Engine Setup F0.1.1.T002: daemon.json Configuration should have metrics endpoint configured","status":"passed","title":"should have metrics endpoint configured","duration":0.2389580000000251,"failureMessages":[],"meta":{}},{"ancestorTitles":["F0.1.1: Docker Engine Setup","F0.1.1.T002: daemon.json Configuration"],"fullName":"F0.1.1: Docker Engine Setup F0.1.1.T002: daemon.json Configuration should use 172.27.0.0/16 subnet (avoiding GeniusERP conflicts)","status":"passed","title":"should use 172.27.0.0/16 subnet (avoiding GeniusERP conflicts)","duration":0.20230500000002394,"failureMessages":[],"meta":{}},{"ancestorTitles":["F0.1.1: Docker Engine Setup","F0.1.1.T002: daemon.json Configuration"],"fullName":"F0.1.1: Docker Engine Setup F0.1.1.T002: daemon.json Configuration should be applied on server","status":"passed","title":"should be applied on server","duration":64.40343499999994,"failureMessages":[],"meta":{}},{"ancestorTitles":["F0.1.1: Docker Engine Setup","F0.1.1.T003: Directory Structure"],"fullName":"F0.1.1: Docker Engine Setup F0.1.1.T003: Directory Structure should have directory: apps/api/src","status":"passed","title":"should have directory: apps/api/src","duration":0.25858800000003157,"failureMessages":[],"meta":{}},{"ancestorTitles":["F0.1.1: Docker Engine Setup","F0.1.1.T003: Directory Structure"],"fullName":"F0.1.1: Docker Engine Setup F0.1.1.T003: Directory Structure should have directory: apps/web/src","status":"passed","title":"should have directory: apps/web/src","duration":0.10978899999997793,"failureMessages":[],"meta":{}},{"ancestorTitles":["F0.1.1: Docker Engine Setup","F0.1.1.T003: Directory Structure"],"fullName":"F0.1.1: Docker Engine Setup F0.1.1.T003: Directory Structure should have directory: apps/web-admin/src","status":"passed","title":"should have directory: apps/web-admin/src","duration":0.1039779999999837,"failureMessages":[],"meta":{}},{"ancestorTitles":["F0.1.1: Docker Engine Setup","F0.1.1.T003: Directory Structure"],"fullName":"F0.1.1: Docker Engine Setup F0.1.1.T003: Directory Structure should have directory: packages/db","status":"passed","title":"should have directory: packages/db","duration":0.1273350000000164,"failureMessages":[],"meta":{}},{"ancestorTitles":["F0.1.1: Docker Engine Setup","F0.1.1.T003: Directory Structure"],"fullName":"F0.1.1: Docker Engine Setup F0.1.1.T003: Directory Structure should have directory: packages/shared-types","status":"passed","title":"should have directory: packages/shared-types","duration":0.10698500000000877,"failureMessages":[],"meta":{}},{"ancestorTitles":["F0.1.1: Docker Engine Setup","F0.1.1.T003: Directory Structure"],"fullName":"F0.1.1: Docker Engine Setup F0.1.1.T003: Directory Structure should have directory: packages/config","status":"passed","title":"should have directory: packages/config","duration":0.12341700000001765,"failureMessages":[],"meta":{}},{"ancestorTitles":["F0.1.1: Docker Engine Setup","F0.1.1.T003: Directory Structure"],"fullName":"F0.1.1: Docker Engine Setup F0.1.1.T003: Directory Structure should have directory: workers/ai","status":"passed","title":"should have directory: workers/ai","duration":0.10133299999995415,"failureMessages":[],"meta":{}},{"ancestorTitles":["F0.1.1: Docker Engine Setup","F0.1.1.T003: Directory Structure"],"fullName":"F0.1.1: Docker Engine Setup F0.1.1.T003: Directory Structure should have directory: workers/enrichment","status":"passed","title":"should have directory: workers/enrichment","duration":0.1094590000000153,"failureMessages":[],"meta":{}},{"ancestorTitles":["F0.1.1: Docker Engine Setup","F0.1.1.T003: Directory Structure"],"fullName":"F0.1.1: Docker Engine Setup F0.1.1.T003: Directory Structure should have directory: workers/outreach","status":"passed","title":"should have directory: workers/outreach","duration":0.11991999999997915,"failureMessages":[],"meta":{}},{"ancestorTitles":["F0.1.1: Docker Engine Setup","F0.1.1.T003: Directory Structure"],"fullName":"F0.1.1: Docker Engine Setup F0.1.1.T003: Directory Structure should have directory: workers/monitoring","status":"passed","title":"should have directory: workers/monitoring","duration":0.15825700000004872,"failureMessages":[],"meta":{}},{"ancestorTitles":["F0.1.1: Docker Engine Setup","F0.1.1.T003: Directory Structure"],"fullName":"F0.1.1: Docker Engine Setup F0.1.1.T003: Directory Structure should have directory: infra/docker","status":"passed","title":"should have directory: infra/docker","duration":0.1475149999999985,"failureMessages":[],"meta":{}},{"ancestorTitles":["F0.1.1: Docker Engine Setup","F0.1.1.T003: Directory Structure"],"fullName":"F0.1.1: Docker Engine Setup F0.1.1.T003: Directory Structure should have directory: infra/scripts","status":"passed","title":"should have directory: infra/scripts","duration":0.14864799999998013,"failureMessages":[],"meta":{}},{"ancestorTitles":["F0.1.1: Docker Engine Setup","F0.1.1.T003: Directory Structure"],"fullName":"F0.1.1: Docker Engine Setup F0.1.1.T003: Directory Structure should have directory: infra/config","status":"passed","title":"should have directory: infra/config","duration":0.10506000000009408,"failureMessages":[],"meta":{}},{"ancestorTitles":["F0.1.1: Docker Engine Setup","F0.1.1.T003: Directory Structure"],"fullName":"F0.1.1: Docker Engine Setup F0.1.1.T003: Directory Structure should have directory: docs/adr","status":"passed","title":"should have directory: docs/adr","duration":0.10708399999998619,"failureMessages":[],"meta":{}},{"ancestorTitles":["F0.1.1: Docker Engine Setup","F0.1.1.T003: Directory Structure"],"fullName":"F0.1.1: Docker Engine Setup F0.1.1.T003: Directory Structure should have directory: docs/architecture","status":"passed","title":"should have directory: docs/architecture","duration":0.09101299999997536,"failureMessages":[],"meta":{}},{"ancestorTitles":["F0.1.1: Docker Engine Setup","F0.1.1.T003: Directory Structure"],"fullName":"F0.1.1: Docker Engine Setup F0.1.1.T003: Directory Structure should have directory: docs/infrastructure","status":"passed","title":"should have directory: docs/infrastructure","duration":0.10414900000000671,"failureMessages":[],"meta":{}},{"ancestorTitles":["F0.1.1: Docker Engine Setup","F0.1.1.T003: Directory Structure"],"fullName":"F0.1.1: Docker Engine Setup F0.1.1.T003: Directory Structure should have directory: tests/unit","status":"passed","title":"should have directory: tests/unit","duration":0.11693400000001475,"failureMessages":[],"meta":{}},{"ancestorTitles":["F0.1.1: Docker Engine Setup","F0.1.1.T003: Directory Structure"],"fullName":"F0.1.1: Docker Engine Setup F0.1.1.T003: Directory Structure should have directory: tests/integration","status":"passed","title":"should have directory: tests/integration","duration":0.11333700000000135,"failureMessages":[],"meta":{}},{"ancestorTitles":["F0.1.1: Docker Engine Setup","F0.1.1.T003: Directory Structure"],"fullName":"F0.1.1: Docker Engine Setup F0.1.1.T003: Directory Structure should have directory: tests/e2e","status":"passed","title":"should have directory: tests/e2e","duration":0.11623199999996814,"failureMessages":[],"meta":{}},{"ancestorTitles":["F0.1.1: Docker Engine Setup","F0.1.1.T003: Directory Structure"],"fullName":"F0.1.1: Docker Engine Setup F0.1.1.T003: Directory Structure should have directory: secrets","status":"passed","title":"should have directory: secrets","duration":0.09637200000008761,"failureMessages":[],"meta":{}},{"ancestorTitles":["F0.1.2: Docker Networks Setup","F0.1.2.T001: Network Creation"],"fullName":"F0.1.2: Docker Networks Setup F0.1.2.T001: Network Creation should have cerniq_public network","status":"passed","title":"should have cerniq_public network","duration":24.36860999999999,"failureMessages":[],"meta":{}},{"ancestorTitles":["F0.1.2: Docker Networks Setup","F0.1.2.T001: Network Creation"],"fullName":"F0.1.2: Docker Networks Setup F0.1.2.T001: Network Creation should have cerniq_backend network","status":"passed","title":"should have cerniq_backend network","duration":24.00497299999995,"failureMessages":[],"meta":{}},{"ancestorTitles":["F0.1.2: Docker Networks Setup","F0.1.2.T001: Network Creation"],"fullName":"F0.1.2: Docker Networks Setup F0.1.2.T001: Network Creation should have cerniq_data network","status":"passed","title":"should have cerniq_data network","duration":24.083729999999946,"failureMessages":[],"meta":{}},{"ancestorTitles":["F0.1.2: Docker Networks Setup","F0.1.2.T001: Network Creation"],"fullName":"F0.1.2: Docker Networks Setup F0.1.2.T001: Network Creation cerniq_public should NOT be internal","status":"passed","title":"cerniq_public should NOT be internal","duration":24.135813999999982,"failureMessages":[],"meta":{}},{"ancestorTitles":["F0.1.2: Docker Networks Setup","F0.1.2.T001: Network Creation"],"fullName":"F0.1.2: Docker Networks Setup F0.1.2.T001: Network Creation cerniq_backend should be internal","status":"passed","title":"cerniq_backend should be internal","duration":23.877668000000085,"failureMessages":[],"meta":{}},{"ancestorTitles":["F0.1.2: Docker Networks Setup","F0.1.2.T001: Network Creation"],"fullName":"F0.1.2: Docker Networks Setup F0.1.2.T001: Network Creation cerniq_data should be internal","status":"passed","title":"cerniq_data should be internal","duration":23.34905900000001,"failureMessages":[],"meta":{}},{"ancestorTitles":["F0.1.2: Docker Networks Setup","F0.1.2.T001: Network Creation"],"fullName":"F0.1.2: Docker Networks Setup F0.1.2.T001: Network Creation should have correct subnet for cerniq_public (172.27.0.0/24)","status":"passed","title":"should have correct subnet for cerniq_public (172.27.0.0/24)","duration":23.734921999999983,"failureMessages":[],"meta":{}},{"ancestorTitles":["F0.1.2: Docker Networks Setup","F0.1.2.T001: Network Creation"],"fullName":"F0.1.2: Docker Networks Setup F0.1.2.T001: Network Creation should have correct subnet for cerniq_backend (172.28.0.0/24)","status":"passed","title":"should have correct subnet for cerniq_backend (172.28.0.0/24)","duration":23.026895999999965,"failureMessages":[],"meta":{}},{"ancestorTitles":["F0.1.2: Docker Networks Setup","F0.1.2.T001: Network Creation"],"fullName":"F0.1.2: Docker Networks Setup F0.1.2.T001: Network Creation should have correct subnet for cerniq_data (172.29.0.0/24)","status":"passed","title":"should have correct subnet for cerniq_data (172.29.0.0/24)","duration":23.565742999999998,"failureMessages":[],"meta":{}},{"ancestorTitles":["F0.1.2: Docker Networks Setup","F0.1.2.T002: docker-compose.yml Base"],"fullName":"F0.1.2: Docker Networks Setup F0.1.2.T002: docker-compose.yml Base should have docker-compose.yml file","status":"passed","title":"should have docker-compose.yml file","duration":0.17774600000007013,"failureMessages":[],"meta":{}},{"ancestorTitles":["F0.1.2: Docker Networks Setup","F0.1.2.T002: docker-compose.yml Base"],"fullName":"F0.1.2: Docker Networks Setup F0.1.2.T002: docker-compose.yml Base should be valid YAML","status":"passed","title":"should be valid YAML","duration":0.1203810000000658,"failureMessages":[],"meta":{}},{"ancestorTitles":["F0.1.2: Docker Networks Setup","F0.1.2.T002: docker-compose.yml Base"],"fullName":"F0.1.2: Docker Networks Setup F0.1.2.T002: docker-compose.yml Base should have project name \"cerniq\"","status":"passed","title":"should have project name \"cerniq\"","duration":0.11143300000003364,"failureMessages":[],"meta":{}},{"ancestorTitles":["F0.1.2: Docker Networks Setup","F0.1.2.T002: docker-compose.yml Base"],"fullName":"F0.1.2: Docker Networks Setup F0.1.2.T002: docker-compose.yml Base should have cerniq_public network as external","status":"passed","title":"should have cerniq_public network as external","duration":0.11225500000000466,"failureMessages":[],"meta":{}},{"ancestorTitles":["F0.1.2: Docker Networks Setup","F0.1.2.T002: docker-compose.yml Base"],"fullName":"F0.1.2: Docker Networks Setup F0.1.2.T002: docker-compose.yml Base should have cerniq_backend network as external","status":"passed","title":"should have cerniq_backend network as external","duration":0.1094190000000026,"failureMessages":[],"meta":{}},{"ancestorTitles":["F0.1.2: Docker Networks Setup","F0.1.2.T002: docker-compose.yml Base"],"fullName":"F0.1.2: Docker Networks Setup F0.1.2.T002: docker-compose.yml Base should have cerniq_data network as external","status":"passed","title":"should have cerniq_data network as external","duration":0.11552100000005794,"failureMessages":[],"meta":{}},{"ancestorTitles":["F0.1.2: Docker Networks Setup","F0.1.2.T002: docker-compose.yml Base"],"fullName":"F0.1.2: Docker Networks Setup F0.1.2.T002: docker-compose.yml Base should define postgres_data volume","status":"passed","title":"should define postgres_data volume","duration":0.23695499999996628,"failureMessages":[],"meta":{}},{"ancestorTitles":["F0.1.2: Docker Networks Setup","F0.1.2.T002: docker-compose.yml Base"],"fullName":"F0.1.2: Docker Networks Setup F0.1.2.T002: docker-compose.yml Base should define redis_data volume","status":"passed","title":"should define redis_data volume","duration":0.12259500000004664,"failureMessages":[],"meta":{}},{"ancestorTitles":["F0.1.2: Docker Networks Setup","F0.1.2.T002: docker-compose.yml Base"],"fullName":"F0.1.2: Docker Networks Setup F0.1.2.T002: docker-compose.yml Base should define traefik_certs volume","status":"passed","title":"should define traefik_certs volume","duration":0.11413800000002539,"failureMessages":[],"meta":{}},{"ancestorTitles":["F0.1.2: Docker Networks Setup","F0.1.2.T002: docker-compose.yml Base"],"fullName":"F0.1.2: Docker Networks Setup F0.1.2.T002: docker-compose.yml Base should define signoz_data volume","status":"passed","title":"should define signoz_data volume","duration":0.13803700000005392,"failureMessages":[],"meta":{}},{"ancestorTitles":["F0.1.2: Docker Networks Setup","F0.1.2.T002: docker-compose.yml Base"],"fullName":"F0.1.2: Docker Networks Setup F0.1.2.T002: docker-compose.yml Base should validate with docker compose config","status":"passed","title":"should validate with docker compose config","duration":177.34005100000002,"failureMessages":[],"meta":{}},{"ancestorTitles":["F0.1.3: Validation Scripts & Documentation","F0.1.3.T001: check-docker.sh Script"],"fullName":"F0.1.3: Validation Scripts & Documentation F0.1.3.T001: check-docker.sh Script should have check-docker.sh script","status":"passed","title":"should have check-docker.sh script","duration":0.17703500000004624,"failureMessages":[],"meta":{}},{"ancestorTitles":["F0.1.3: Validation Scripts & Documentation","F0.1.3.T001: check-docker.sh Script"],"fullName":"F0.1.3: Validation Scripts & Documentation F0.1.3.T001: check-docker.sh Script should be executable","status":"passed","title":"should be executable","duration":0.19666299999994408,"failureMessages":[],"meta":{}},{"ancestorTitles":["F0.1.3: Validation Scripts & Documentation","F0.1.3.T001: check-docker.sh Script"],"fullName":"F0.1.3: Validation Scripts & Documentation F0.1.3.T001: check-docker.sh Script should check Docker version","status":"passed","title":"should check Docker version","duration":0.21083200000009583,"failureMessages":[],"meta":{}},{"ancestorTitles":["F0.1.3: Validation Scripts & Documentation","F0.1.3.T001: check-docker.sh Script"],"fullName":"F0.1.3: Validation Scripts & Documentation F0.1.3.T001: check-docker.sh Script should check Docker Compose version","status":"passed","title":"should check Docker Compose version","duration":0.21864800000003015,"failureMessages":[],"meta":{}},{"ancestorTitles":["F0.1.3: Validation Scripts & Documentation","F0.1.3.T001: check-docker.sh Script"],"fullName":"F0.1.3: Validation Scripts & Documentation F0.1.3.T001: check-docker.sh Script should validate networks","status":"passed","title":"should validate networks","duration":0.24044100000003255,"failureMessages":[],"meta":{}},{"ancestorTitles":["F0.1.3: Validation Scripts & Documentation","F0.1.3.T001: check-docker.sh Script"],"fullName":"F0.1.3: Validation Scripts & Documentation F0.1.3.T001: check-docker.sh Script should validate subnets 172.27-29","status":"passed","title":"should validate subnets 172.27-29","duration":0.25160299999993185,"failureMessages":[],"meta":{}},{"ancestorTitles":["F0.1.3: Validation Scripts & Documentation","F0.1.3.T002: Log Rotation Documentation"],"fullName":"F0.1.3: Validation Scripts & Documentation F0.1.3.T002: Log Rotation Documentation should have docker-log-rotation.md","status":"passed","title":"should have docker-log-rotation.md","duration":0.13353700000004665,"failureMessages":[],"meta":{}},{"ancestorTitles":["F0.1.3: Validation Scripts & Documentation","F0.1.3.T002: Log Rotation Documentation"],"fullName":"F0.1.3: Validation Scripts & Documentation F0.1.3.T002: Log Rotation Documentation should document max-size setting","status":"passed","title":"should document max-size setting","duration":0.21306700000002365,"failureMessages":[],"meta":{}},{"ancestorTitles":["F0.1.3: Validation Scripts & Documentation","F0.1.3.T002: Log Rotation Documentation"],"fullName":"F0.1.3: Validation Scripts & Documentation F0.1.3.T002: Log Rotation Documentation should document max-file setting","status":"passed","title":"should document max-file setting","duration":0.16730499999994208,"failureMessages":[],"meta":{}},{"ancestorTitles":["F0.1.3: Validation Scripts & Documentation","F0.1.3.T003: Network Topology Documentation"],"fullName":"F0.1.3: Validation Scripts & Documentation F0.1.3.T003: Network Topology Documentation should have network-topology.md","status":"passed","title":"should have network-topology.md","duration":0.12974899999994705,"failureMessages":[],"meta":{}},{"ancestorTitles":["F0.1.3: Validation Scripts & Documentation","F0.1.3.T003: Network Topology Documentation"],"fullName":"F0.1.3: Validation Scripts & Documentation F0.1.3.T003: Network Topology Documentation should document cerniq_public network","status":"passed","title":"should document cerniq_public network","duration":0.1951600000001008,"failureMessages":[],"meta":{}},{"ancestorTitles":["F0.1.3: Validation Scripts & Documentation","F0.1.3.T003: Network Topology Documentation"],"fullName":"F0.1.3: Validation Scripts & Documentation F0.1.3.T003: Network Topology Documentation should document cerniq_backend network","status":"passed","title":"should document cerniq_backend network","duration":0.19311599999991813,"failureMessages":[],"meta":{}},{"ancestorTitles":["F0.1.3: Validation Scripts & Documentation","F0.1.3.T003: Network Topology Documentation"],"fullName":"F0.1.3: Validation Scripts & Documentation F0.1.3.T003: Network Topology Documentation should document cerniq_data network","status":"passed","title":"should document cerniq_data network","duration":0.232845999999995,"failureMessages":[],"meta":{}},{"ancestorTitles":["F0.1.3: Validation Scripts & Documentation","F0.1.3.T003: Network Topology Documentation"],"fullName":"F0.1.3: Validation Scripts & Documentation F0.1.3.T003: Network Topology Documentation should document correct subnets (172.27-29)","status":"passed","title":"should document correct subnets (172.27-29)","duration":0.2688779999999724,"failureMessages":[],"meta":{}},{"ancestorTitles":["F0.1.3: Validation Scripts & Documentation","F0.1.3.T003: Network Topology Documentation"],"fullName":"F0.1.3: Validation Scripts & Documentation F0.1.3.T003: Network Topology Documentation should explain internal vs external networks","status":"passed","title":"should explain internal vs external networks","duration":0.2355120000000852,"failureMessages":[],"meta":{}},{"ancestorTitles":["CI/CD: Deploy Workflow"],"fullName":"CI/CD: Deploy Workflow should have deploy.yml workflow","status":"passed","title":"should have deploy.yml workflow","duration":0.15543099999990773,"failureMessages":[],"meta":{}},{"ancestorTitles":["CI/CD: Deploy Workflow"],"fullName":"CI/CD: Deploy Workflow should trigger on push to main","status":"passed","title":"should trigger on push to main","duration":0.6442489999999452,"failureMessages":[],"meta":{}},{"ancestorTitles":["CI/CD: Deploy Workflow"],"fullName":"CI/CD: Deploy Workflow should trigger on push to develop","status":"passed","title":"should trigger on push to develop","duration":0.14781600000003436,"failureMessages":[],"meta":{}},{"ancestorTitles":["CI/CD: Deploy Workflow"],"fullName":"CI/CD: Deploy Workflow should trigger on push to feature branches","status":"passed","title":"should trigger on push to feature branches","duration":0.13359700000000885,"failureMessages":[],"meta":{}},{"ancestorTitles":["CI/CD: Deploy Workflow"],"fullName":"CI/CD: Deploy Workflow should trigger on version tags","status":"passed","title":"should trigger on version tags","duration":0.12883799999997336,"failureMessages":[],"meta":{}},{"ancestorTitles":["CI/CD: Deploy Workflow"],"fullName":"CI/CD: Deploy Workflow should have staging deployment job","status":"passed","title":"should have staging deployment job","duration":0.08979899999997087,"failureMessages":[],"meta":{}},{"ancestorTitles":["CI/CD: Deploy Workflow"],"fullName":"CI/CD: Deploy Workflow should have production deployment job","status":"passed","title":"should have production deployment job","duration":0.10221500000000106,"failureMessages":[],"meta":{}},{"ancestorTitles":["Server: /opt/cerniq Structure"],"fullName":"Server: /opt/cerniq Structure should have /opt/cerniq directory","status":"passed","title":"should have /opt/cerniq directory","duration":3.4855760000000373,"failureMessages":[],"meta":{}},{"ancestorTitles":["Server: /opt/cerniq Structure"],"fullName":"Server: /opt/cerniq Structure should have /opt/cerniq/scripts directory","status":"passed","title":"should have /opt/cerniq/scripts directory","duration":3.3505549999999857,"failureMessages":[],"meta":{}},{"ancestorTitles":["Server: /opt/cerniq Structure"],"fullName":"Server: /opt/cerniq Structure should have /opt/cerniq/secrets directory","status":"passed","title":"should have /opt/cerniq/secrets directory","duration":4.068533000000116,"failureMessages":[],"meta":{}},{"ancestorTitles":["Server: /opt/cerniq Structure"],"fullName":"Server: /opt/cerniq Structure should have /opt/cerniq/config directory","status":"passed","title":"should have /opt/cerniq/config directory","duration":3.391748000000007,"failureMessages":[],"meta":{}},{"ancestorTitles":["Server: /opt/cerniq Structure"],"fullName":"Server: /opt/cerniq Structure should have docker-compose.yml in /opt/cerniq","status":"passed","title":"should have docker-compose.yml in /opt/cerniq","duration":3.2039320000001226,"failureMessages":[],"meta":{}},{"ancestorTitles":["Server: /opt/cerniq Structure"],"fullName":"Server: /opt/cerniq Structure should have check-docker.sh in /opt/cerniq/scripts","status":"passed","title":"should have check-docker.sh in /opt/cerniq/scripts","duration":3.195114999999987,"failureMessages":[],"meta":{}}],"startTime":1770133305456,"endTime":1770133306072.195,"status":"passed","message":"","name":"/var/www/CerniqAPP/tests/e2e/infrastructure/e0-s2-pr01-docker-base.test.ts"}]}