{"numTotalTestSuites":32,"numPassedTestSuites":32,"numFailedTestSuites":0,"numPendingTestSuites":0,"numTotalTests":131,"numPassedTests":112,"numFailedTests":0,"numPendingTests":19,"numTodoTests":0,"snapshot":{"added":0,"failure":false,"filesAdded":0,"filesRemoved":0,"filesRemovedList":[],"filesUnmatched":0,"filesUpdated":0,"matched":0,"total":0,"unchecked":0,"uncheckedKeysByFile":[],"unmatched":0,"updated":0,"didUpdate":false},"startTime":1770133157339,"success":true,"testResults":[{"assertionResults":[{"ancestorTitles":["E0-S1-PR01: F0.17 GitHub Repository Setup","F0.17.1.T001: Repository Settings"],"fullName":"E0-S1-PR01: F0.17 GitHub Repository Setup F0.17.1.T001: Repository Settings should have .gitignore file","status":"passed","title":"should have .gitignore file","duration":1.2974659999999858,"failureMessages":[],"meta":{}},{"ancestorTitles":["E0-S1-PR01: F0.17 GitHub Repository Setup","F0.17.1.T001: Repository Settings"],"fullName":"E0-S1-PR01: F0.17 GitHub Repository Setup F0.17.1.T001: Repository Settings should have README.md","status":"passed","title":"should have README.md","duration":0.23438899999996465,"failureMessages":[],"meta":{}},{"ancestorTitles":["E0-S1-PR01: F0.17 GitHub Repository Setup","F0.17.1.T001: Repository Settings"],"fullName":"E0-S1-PR01: F0.17 GitHub Repository Setup F0.17.1.T001: Repository Settings should have package.json with project name","status":"passed","title":"should have package.json with project name","duration":0.344079000000022,"failureMessages":[],"meta":{}},{"ancestorTitles":["E0-S1-PR01: F0.17 GitHub Repository Setup","F0.17.1.T001: Repository Settings"],"fullName":"E0-S1-PR01: F0.17 GitHub Repository Setup F0.17.1.T001: Repository Settings should have LICENSE file or be private","status":"passed","title":"should have LICENSE file or be private","duration":0.22498999999999114,"failureMessages":[],"meta":{}},{"ancestorTitles":["E0-S1-PR01: F0.17 GitHub Repository Setup","F0.17.1.T002: CODEOWNERS Configuration"],"fullName":"E0-S1-PR01: F0.17 GitHub Repository Setup F0.17.1.T002: CODEOWNERS Configuration should have CODEOWNERS file","status":"passed","title":"should have CODEOWNERS file","duration":0.18378799999999273,"failureMessages":[],"meta":{}},{"ancestorTitles":["E0-S1-PR01: F0.17 GitHub Repository Setup","F0.17.1.T002: CODEOWNERS Configuration"],"fullName":"E0-S1-PR01: F0.17 GitHub Repository Setup F0.17.1.T002: CODEOWNERS Configuration should define owners for /apps directory","status":"passed","title":"should define owners for /apps directory","duration":0.3256719999999973,"failureMessages":[],"meta":{}},{"ancestorTitles":["E0-S1-PR01: F0.17 GitHub Repository Setup","F0.17.1.T002: CODEOWNERS Configuration"],"fullName":"E0-S1-PR01: F0.17 GitHub Repository Setup F0.17.1.T002: CODEOWNERS Configuration should define owners for /docs directory","status":"passed","title":"should define owners for /docs directory","duration":0.24118299999997816,"failureMessages":[],"meta":{}},{"ancestorTitles":["E0-S1-PR01: F0.17 GitHub Repository Setup","F0.17.1.T002: CODEOWNERS Configuration"],"fullName":"E0-S1-PR01: F0.17 GitHub Repository Setup F0.17.1.T002: CODEOWNERS Configuration should have at least one owner defined","status":"passed","title":"should have at least one owner defined","duration":0.21092200000003913,"failureMessages":[],"meta":{}},{"ancestorTitles":["E0-S1-PR01: F0.17 GitHub Repository Setup","F0.17.1.T003: Issue/PR Templates"],"fullName":"E0-S1-PR01: F0.17 GitHub Repository Setup F0.17.1.T003: Issue/PR Templates should have ISSUE_TEMPLATE directory","status":"passed","title":"should have ISSUE_TEMPLATE directory","duration":0.18824599999999236,"failureMessages":[],"meta":{}},{"ancestorTitles":["E0-S1-PR01: F0.17 GitHub Repository Setup","F0.17.1.T003: Issue/PR Templates"],"fullName":"E0-S1-PR01: F0.17 GitHub Repository Setup F0.17.1.T003: Issue/PR Templates should have bug_report template","status":"passed","title":"should have bug_report template","duration":0.20668399999999565,"failureMessages":[],"meta":{}},{"ancestorTitles":["E0-S1-PR01: F0.17 GitHub Repository Setup","F0.17.1.T003: Issue/PR Templates"],"fullName":"E0-S1-PR01: F0.17 GitHub Repository Setup F0.17.1.T003: Issue/PR Templates should have feature_request template","status":"passed","title":"should have feature_request template","duration":0.18437900000003538,"failureMessages":[],"meta":{}},{"ancestorTitles":["E0-S1-PR01: F0.17 GitHub Repository Setup","F0.17.1.T003: Issue/PR Templates"],"fullName":"E0-S1-PR01: F0.17 GitHub Repository Setup F0.17.1.T003: Issue/PR Templates should have PR template","status":"passed","title":"should have PR template","duration":0.17880800000000363,"failureMessages":[],"meta":{}},{"ancestorTitles":["E0-S1-PR01: F0.17 GitHub Repository Setup","F0.17.1.T003: Issue/PR Templates"],"fullName":"E0-S1-PR01: F0.17 GitHub Repository Setup F0.17.1.T003: Issue/PR Templates bug template should have required sections","status":"passed","title":"bug template should have required sections","duration":0.20596199999999953,"failureMessages":[],"meta":{}},{"ancestorTitles":["E0-S1-PR01: F0.17 GitHub Repository Setup","F0.17.1.T003: Issue/PR Templates"],"fullName":"E0-S1-PR01: F0.17 GitHub Repository Setup F0.17.1.T003: Issue/PR Templates feature template should have required sections","status":"passed","title":"feature template should have required sections","duration":0.2007419999999911,"failureMessages":[],"meta":{}},{"ancestorTitles":["E0-S1-PR01: F0.17 GitHub Repository Setup","F0.17.1.T003: Issue/PR Templates"],"fullName":"E0-S1-PR01: F0.17 GitHub Repository Setup F0.17.1.T003: Issue/PR Templates PR template should have checklist","status":"passed","title":"PR template should have checklist","duration":0.19295599999998103,"failureMessages":[],"meta":{}},{"ancestorTitles":["E0-S1-PR01: F0.17 GitHub Repository Setup","F0.17.1.T004: GitHub Actions Configuration"],"fullName":"E0-S1-PR01: F0.17 GitHub Repository Setup F0.17.1.T004: GitHub Actions Configuration should have .github/workflows directory","status":"passed","title":"should have .github/workflows directory","duration":0.17361700000003566,"failureMessages":[],"meta":{}},{"ancestorTitles":["E0-S1-PR01: F0.17 GitHub Repository Setup","F0.17.1.T004: GitHub Actions Configuration"],"fullName":"E0-S1-PR01: F0.17 GitHub Repository Setup F0.17.1.T004: GitHub Actions Configuration should have at least one workflow file","status":"passed","title":"should have at least one workflow file","duration":0.2565630000000283,"failureMessages":[],"meta":{}},{"ancestorTitles":["E0-S1-PR02: F0.15 CI/CD Base","F0.15.1.T001: CI Workflow for PRs"],"fullName":"E0-S1-PR02: F0.15 CI/CD Base F0.15.1.T001: CI Workflow for PRs should have ci-pr.yml workflow","status":"passed","title":"should have ci-pr.yml workflow","duration":0.15255600000000413,"failureMessages":[],"meta":{}},{"ancestorTitles":["E0-S1-PR02: F0.15 CI/CD Base","F0.15.1.T001: CI Workflow for PRs"],"fullName":"E0-S1-PR02: F0.15 CI/CD Base F0.15.1.T001: CI Workflow for PRs should trigger on pull_request to main","status":"passed","title":"should trigger on pull_request to main","duration":0.29288600000000997,"failureMessages":[],"meta":{}},{"ancestorTitles":["E0-S1-PR02: F0.15 CI/CD Base","F0.15.1.T001: CI Workflow for PRs"],"fullName":"E0-S1-PR02: F0.15 CI/CD Base F0.15.1.T001: CI Workflow for PRs should trigger on pull_request to develop","status":"passed","title":"should trigger on pull_request to develop","duration":0.2526659999999765,"failureMessages":[],"meta":{}},{"ancestorTitles":["E0-S1-PR02: F0.15 CI/CD Base","F0.15.1.T001: CI Workflow for PRs"],"fullName":"E0-S1-PR02: F0.15 CI/CD Base F0.15.1.T001: CI Workflow for PRs should have lint job","status":"passed","title":"should have lint job","duration":0.3400699999999688,"failureMessages":[],"meta":{}},{"ancestorTitles":["E0-S1-PR02: F0.15 CI/CD Base","F0.15.1.T001: CI Workflow for PRs"],"fullName":"E0-S1-PR02: F0.15 CI/CD Base F0.15.1.T001: CI Workflow for PRs should have test job","status":"passed","title":"should have test job","duration":0.35825700000003735,"failureMessages":[],"meta":{}},{"ancestorTitles":["E0-S1-PR02: F0.15 CI/CD Base","F0.15.1.T001: CI Workflow for PRs"],"fullName":"E0-S1-PR02: F0.15 CI/CD Base F0.15.1.T001: CI Workflow for PRs should have typecheck step","status":"passed","title":"should have typecheck step","duration":0.3157520000000318,"failureMessages":[],"meta":{}},{"ancestorTitles":["E0-S1-PR02: F0.15 CI/CD Base","F0.15.1.T001: CI Workflow for PRs"],"fullName":"E0-S1-PR02: F0.15 CI/CD Base F0.15.1.T001: CI Workflow for PRs should use pnpm","status":"passed","title":"should use pnpm","duration":1.5779679999999985,"failureMessages":[],"meta":{}},{"ancestorTitles":["E0-S1-PR02: F0.15 CI/CD Base","F0.15.1.T001: CI Workflow for PRs"],"fullName":"E0-S1-PR02: F0.15 CI/CD Base F0.15.1.T001: CI Workflow for PRs should use Node.js 24+","status":"passed","title":"should use Node.js 24+","duration":0.2481159999999818,"failureMessages":[],"meta":{}},{"ancestorTitles":["E0-S1-PR02: F0.15 CI/CD Base","F0.15.1.T002: CD Workflow for Deploy"],"fullName":"E0-S1-PR02: F0.15 CI/CD Base F0.15.1.T002: CD Workflow for Deploy should have deploy.yml workflow","status":"passed","title":"should have deploy.yml workflow","duration":0.13631299999997282,"failureMessages":[],"meta":{}},{"ancestorTitles":["E0-S1-PR02: F0.15 CI/CD Base","F0.15.1.T002: CD Workflow for Deploy"],"fullName":"E0-S1-PR02: F0.15 CI/CD Base F0.15.1.T002: CD Workflow for Deploy should trigger on tags","status":"passed","title":"should trigger on tags","duration":0.22715399999998453,"failureMessages":[],"meta":{}},{"ancestorTitles":["E0-S1-PR02: F0.15 CI/CD Base","F0.15.1.T002: CD Workflow for Deploy"],"fullName":"E0-S1-PR02: F0.15 CI/CD Base F0.15.1.T002: CD Workflow for Deploy should support manual workflow_dispatch","status":"passed","title":"should support manual workflow_dispatch","duration":0.21820600000000923,"failureMessages":[],"meta":{}},{"ancestorTitles":["E0-S1-PR02: F0.15 CI/CD Base","F0.15.1.T002: CD Workflow for Deploy"],"fullName":"E0-S1-PR02: F0.15 CI/CD Base F0.15.1.T002: CD Workflow for Deploy should have staging deployment job","status":"passed","title":"should have staging deployment job","duration":0.24159400000002051,"failureMessages":[],"meta":{}},{"ancestorTitles":["E0-S1-PR02: F0.15 CI/CD Base","F0.15.1.T002: CD Workflow for Deploy"],"fullName":"E0-S1-PR02: F0.15 CI/CD Base F0.15.1.T002: CD Workflow for Deploy should have production deployment job","status":"passed","title":"should have production deployment job","duration":0.23953000000000202,"failureMessages":[],"meta":{}},{"ancestorTitles":["E0-S1-PR02: F0.15 CI/CD Base","F0.15.1.T002: CD Workflow for Deploy"],"fullName":"E0-S1-PR02: F0.15 CI/CD Base F0.15.1.T002: CD Workflow for Deploy should use Docker Compose for deployment","status":"passed","title":"should use Docker Compose for deployment","duration":0.28706499999998414,"failureMessages":[],"meta":{}},{"ancestorTitles":["E0-S1-PR02: F0.15 CI/CD Base","F0.15.1.T002: CD Workflow for Deploy"],"fullName":"E0-S1-PR02: F0.15 CI/CD Base F0.15.1.T002: CD Workflow for Deploy should have health check after deploy","status":"passed","title":"should have health check after deploy","duration":0.35910899999998946,"failureMessages":[],"meta":{}},{"ancestorTitles":["E0-S1-PR02: F0.15 CI/CD Base","F0.15.1.T003: GitHub Secrets Configuration"],"fullName":"E0-S1-PR02: F0.15 CI/CD Base F0.15.1.T003: GitHub Secrets Configuration should reference SSH secrets in deploy workflow","status":"passed","title":"should reference SSH secrets in deploy workflow","duration":0.34550100000001294,"failureMessages":[],"meta":{}},{"ancestorTitles":["E0-S1-PR02: F0.15 CI/CD Base","F0.15.1.T003: GitHub Secrets Configuration"],"fullName":"E0-S1-PR02: F0.15 CI/CD Base F0.15.1.T003: GitHub Secrets Configuration should reference host secrets","status":"passed","title":"should reference host secrets","duration":0.26158299999997325,"failureMessages":[],"meta":{}},{"ancestorTitles":["E0-S1-PR02: F0.15 CI/CD Base","F0.15.1.T003: GitHub Secrets Configuration"],"fullName":"E0-S1-PR02: F0.15 CI/CD Base F0.15.1.T003: GitHub Secrets Configuration should use secrets safely (not directly echoed)","status":"passed","title":"should use secrets safely (not directly echoed)","duration":0.2073649999999816,"failureMessages":[],"meta":{}},{"ancestorTitles":["E0-S1-PR02: F0.15 CI/CD Base","F0.15.1.T004: Branch Protection Rules (via workflow)"],"fullName":"E0-S1-PR02: F0.15 CI/CD Base F0.15.1.T004: Branch Protection Rules (via workflow) CI workflow should have concurrency group","status":"passed","title":"CI workflow should have concurrency group","duration":0.15282600000000457,"failureMessages":[],"meta":{}},{"ancestorTitles":["E0-S1-PR02: F0.15 CI/CD Base","F0.15.1.T004: Branch Protection Rules (via workflow)"],"fullName":"E0-S1-PR02: F0.15 CI/CD Base F0.15.1.T004: Branch Protection Rules (via workflow) CI workflow should cancel in-progress runs","status":"passed","title":"CI workflow should cancel in-progress runs","duration":0.14707500000002938,"failureMessages":[],"meta":{}},{"ancestorTitles":["E0-S1-PR02: F0.15 CI/CD Base","F0.15.1.T005: GitHub Environments"],"fullName":"E0-S1-PR02: F0.15 CI/CD Base F0.15.1.T005: GitHub Environments deploy workflow should define staging environment","status":"passed","title":"deploy workflow should define staging environment","duration":0.21791699999999992,"failureMessages":[],"meta":{}},{"ancestorTitles":["E0-S1-PR02: F0.15 CI/CD Base","F0.15.1.T005: GitHub Environments"],"fullName":"E0-S1-PR02: F0.15 CI/CD Base F0.15.1.T005: GitHub Environments deploy workflow should define production environment","status":"passed","title":"deploy workflow should define production environment","duration":0.24758500000001504,"failureMessages":[],"meta":{}},{"ancestorTitles":["E0-S1-PR02: F0.15 CI/CD Base","F0.15.1.T005: GitHub Environments"],"fullName":"E0-S1-PR02: F0.15 CI/CD Base F0.15.1.T005: GitHub Environments environments should have URLs","status":"passed","title":"environments should have URLs","duration":0.16928899999999203,"failureMessages":[],"meta":{}},{"ancestorTitles":["E0-S1-PR02: F0.15 CI/CD Base","F0.15.1.T006: Pipeline Validation"],"fullName":"E0-S1-PR02: F0.15 CI/CD Base F0.15.1.T006: Pipeline Validation CI workflow should be valid YAML","status":"passed","title":"CI workflow should be valid YAML","duration":20.872352999999976,"failureMessages":[],"meta":{}},{"ancestorTitles":["E0-S1-PR02: F0.15 CI/CD Base","F0.15.1.T006: Pipeline Validation"],"fullName":"E0-S1-PR02: F0.15 CI/CD Base F0.15.1.T006: Pipeline Validation deploy workflow should be valid YAML","status":"passed","title":"deploy workflow should be valid YAML","duration":12.282983000000002,"failureMessages":[],"meta":{}},{"ancestorTitles":["E0-S1-PR02: F0.15 CI/CD Base","F0.15.1.T006: Pipeline Validation"],"fullName":"E0-S1-PR02: F0.15 CI/CD Base F0.15.1.T006: Pipeline Validation CI workflow should have timeout","status":"passed","title":"CI workflow should have timeout","duration":0.2007719999999722,"failureMessages":[],"meta":{}},{"ancestorTitles":["E0-S1-PR02: F0.15 CI/CD Base","F0.15.1.T006: Pipeline Validation"],"fullName":"E0-S1-PR02: F0.15 CI/CD Base F0.15.1.T006: Pipeline Validation workflows should use checkout action v4","status":"passed","title":"workflows should use checkout action v4","duration":0.20668399999999565,"failureMessages":[],"meta":{}},{"ancestorTitles":["E0-S1-PR03: F0.16 DNS & Domain Configuration","F0.16.1.T001: DNS Records Documentation"],"fullName":"E0-S1-PR03: F0.16 DNS & Domain Configuration F0.16.1.T001: DNS Records Documentation should have DNS documentation","status":"passed","title":"should have DNS documentation","duration":0.1353510000000142,"failureMessages":[],"meta":{}},{"ancestorTitles":["E0-S1-PR03: F0.16 DNS & Domain Configuration","F0.16.1.T002: Subdomain Configuration"],"fullName":"E0-S1-PR03: F0.16 DNS & Domain Configuration F0.16.1.T002: Subdomain Configuration Traefik config should reference expected domains","status":"passed","title":"Traefik config should reference expected domains","duration":0.14621299999998882,"failureMessages":[],"meta":{}},{"ancestorTitles":["E0-S1-PR03: F0.16 DNS & Domain Configuration","F0.16.1.T003: DNS Propagation Verification"],"fullName":"E0-S1-PR03: F0.16 DNS & Domain Configuration F0.16.1.T003: DNS Propagation Verification should have environment URLs defined in deploy workflow","status":"passed","title":"should have environment URLs defined in deploy workflow","duration":0.2603409999999826,"failureMessages":[],"meta":{}},{"ancestorTitles":["E0-S1 Sprint Summary"],"fullName":"E0-S1 Sprint Summary should have all required GitHub configurations","status":"passed","title":"should have all required GitHub configurations","duration":0.7719549999999913,"failureMessages":[],"meta":{}},{"ancestorTitles":["E0-S1 Sprint Summary"],"fullName":"E0-S1 Sprint Summary should have CI pipeline with lint, test, and build capabilities","status":"passed","title":"should have CI pipeline with lint, test, and build capabilities","duration":0.21658400000001166,"failureMessages":[],"meta":{}},{"ancestorTitles":["E0-S1 Sprint Summary"],"fullName":"E0-S1 Sprint Summary should have CD pipeline with staging and production","status":"passed","title":"should have CD pipeline with staging and production","duration":0.2198099999999954,"failureMessages":[],"meta":{}},{"ancestorTitles":["E0-S1 Sprint Summary"],"fullName":"E0-S1 Sprint Summary should have proper project structure for monorepo","status":"passed","title":"should have proper project structure for monorepo","duration":0.1149400000000469,"failureMessages":[],"meta":{}}],"startTime":1770133157780,"endTime":1770133157828.2197,"status":"passed","message":"","name":"/var/www/CerniqAPP/tests/e2e/infrastructure/e0-s1-github-cicd-dns.test.ts"},{"assertionResults":[{"ancestorTitles":["F0.1.1: Docker Engine Setup","F0.1.1.T001: Docker Engine Installation"],"fullName":"F0.1.1: Docker Engine Setup F0.1.1.T001: Docker Engine Installation should have Docker Engine 28.x+ installed","status":"skipped","title":"should have Docker Engine 28.x+ installed","failureMessages":[],"meta":{}},{"ancestorTitles":["F0.1.1: Docker Engine Setup","F0.1.1.T001: Docker Engine Installation"],"fullName":"F0.1.1: Docker Engine Setup F0.1.1.T001: Docker Engine Installation should have Docker Compose v2.40+ installed","status":"skipped","title":"should have Docker Compose v2.40+ installed","failureMessages":[],"meta":{}},{"ancestorTitles":["F0.1.1: Docker Engine Setup","F0.1.1.T001: Docker Engine Installation"],"fullName":"F0.1.1: Docker Engine Setup F0.1.1.T001: Docker Engine Installation should have Docker service running","status":"skipped","title":"should have Docker service running","failureMessages":[],"meta":{}},{"ancestorTitles":["F0.1.1: Docker Engine Setup","F0.1.1.T002: daemon.json Configuration"],"fullName":"F0.1.1: Docker Engine Setup F0.1.1.T002: daemon.json Configuration should have daemon.json template in repo","status":"passed","title":"should have daemon.json template in repo","duration":1.4109740000000102,"failureMessages":[],"meta":{}},{"ancestorTitles":["F0.1.1: Docker Engine Setup","F0.1.1.T002: daemon.json Configuration"],"fullName":"F0.1.1: Docker Engine Setup F0.1.1.T002: daemon.json Configuration should have valid JSON syntax","status":"passed","title":"should have valid JSON syntax","duration":0.41954000000004044,"failureMessages":[],"meta":{}},{"ancestorTitles":["F0.1.1: Docker Engine Setup","F0.1.1.T002: daemon.json Configuration"],"fullName":"F0.1.1: Docker Engine Setup F0.1.1.T002: daemon.json Configuration should have correct storage driver","status":"passed","title":"should have correct storage driver","duration":0.25387799999998606,"failureMessages":[],"meta":{}},{"ancestorTitles":["F0.1.1: Docker Engine Setup","F0.1.1.T002: daemon.json Configuration"],"fullName":"F0.1.1: Docker Engine Setup F0.1.1.T002: daemon.json Configuration should have live-restore enabled","status":"passed","title":"should have live-restore enabled","duration":0.2509420000000091,"failureMessages":[],"meta":{}},{"ancestorTitles":["F0.1.1: Docker Engine Setup","F0.1.1.T002: daemon.json Configuration"],"fullName":"F0.1.1: Docker Engine Setup F0.1.1.T002: daemon.json Configuration should have userland-proxy disabled for performance","status":"passed","title":"should have userland-proxy disabled for performance","duration":0.2792989999999804,"failureMessages":[],"meta":{}},{"ancestorTitles":["F0.1.1: Docker Engine Setup","F0.1.1.T002: daemon.json Configuration"],"fullName":"F0.1.1: Docker Engine Setup F0.1.1.T002: daemon.json Configuration should have correct log rotation settings","status":"passed","title":"should have correct log rotation settings","duration":0.31174399999997604,"failureMessages":[],"meta":{}},{"ancestorTitles":["F0.1.1: Docker Engine Setup","F0.1.1.T002: daemon.json Configuration"],"fullName":"F0.1.1: Docker Engine Setup F0.1.1.T002: daemon.json Configuration should have metrics endpoint configured","status":"passed","title":"should have metrics endpoint configured","duration":0.2096199999999726,"failureMessages":[],"meta":{}},{"ancestorTitles":["F0.1.1: Docker Engine Setup","F0.1.1.T002: daemon.json Configuration"],"fullName":"F0.1.1: Docker Engine Setup F0.1.1.T002: daemon.json Configuration should use 172.27.0.0/16 subnet (avoiding GeniusERP conflicts)","status":"passed","title":"should use 172.27.0.0/16 subnet (avoiding GeniusERP conflicts)","duration":0.24451000000004797,"failureMessages":[],"meta":{}},{"ancestorTitles":["F0.1.1: Docker Engine Setup","F0.1.1.T002: daemon.json Configuration"],"fullName":"F0.1.1: Docker Engine Setup F0.1.1.T002: daemon.json Configuration should be applied on server","status":"skipped","title":"should be applied on server","failureMessages":[],"meta":{}},{"ancestorTitles":["F0.1.1: Docker Engine Setup","F0.1.1.T003: Directory Structure"],"fullName":"F0.1.1: Docker Engine Setup F0.1.1.T003: Directory Structure should have directory: apps/api/src","status":"passed","title":"should have directory: apps/api/src","duration":0.2618940000000407,"failureMessages":[],"meta":{}},{"ancestorTitles":["F0.1.1: Docker Engine Setup","F0.1.1.T003: Directory Structure"],"fullName":"F0.1.1: Docker Engine Setup F0.1.1.T003: Directory Structure should have directory: apps/web/src","status":"passed","title":"should have directory: apps/web/src","duration":0.1741190000000188,"failureMessages":[],"meta":{}},{"ancestorTitles":["F0.1.1: Docker Engine Setup","F0.1.1.T003: Directory Structure"],"fullName":"F0.1.1: Docker Engine Setup F0.1.1.T003: Directory Structure should have directory: apps/web-admin/src","status":"passed","title":"should have directory: apps/web-admin/src","duration":0.17471999999997934,"failureMessages":[],"meta":{}},{"ancestorTitles":["F0.1.1: Docker Engine Setup","F0.1.1.T003: Directory Structure"],"fullName":"F0.1.1: Docker Engine Setup F0.1.1.T003: Directory Structure should have directory: packages/db","status":"passed","title":"should have directory: packages/db","duration":0.1671049999999923,"failureMessages":[],"meta":{}},{"ancestorTitles":["F0.1.1: Docker Engine Setup","F0.1.1.T003: Directory Structure"],"fullName":"F0.1.1: Docker Engine Setup F0.1.1.T003: Directory Structure should have directory: packages/shared-types","status":"passed","title":"should have directory: packages/shared-types","duration":0.16335700000001907,"failureMessages":[],"meta":{}},{"ancestorTitles":["F0.1.1: Docker Engine Setup","F0.1.1.T003: Directory Structure"],"fullName":"F0.1.1: Docker Engine Setup F0.1.1.T003: Directory Structure should have directory: packages/config","status":"passed","title":"should have directory: packages/config","duration":0.12262500000002774,"failureMessages":[],"meta":{}},{"ancestorTitles":["F0.1.1: Docker Engine Setup","F0.1.1.T003: Directory Structure"],"fullName":"F0.1.1: Docker Engine Setup F0.1.1.T003: Directory Structure should have directory: workers/ai","status":"passed","title":"should have directory: workers/ai","duration":0.15276599999998552,"failureMessages":[],"meta":{}},{"ancestorTitles":["F0.1.1: Docker Engine Setup","F0.1.1.T003: Directory Structure"],"fullName":"F0.1.1: Docker Engine Setup F0.1.1.T003: Directory Structure should have directory: workers/enrichment","status":"passed","title":"should have directory: workers/enrichment","duration":0.15238500000003796,"failureMessages":[],"meta":{}},{"ancestorTitles":["F0.1.1: Docker Engine Setup","F0.1.1.T003: Directory Structure"],"fullName":"F0.1.1: Docker Engine Setup F0.1.1.T003: Directory Structure should have directory: workers/outreach","status":"passed","title":"should have directory: workers/outreach","duration":0.23694399999999405,"failureMessages":[],"meta":{}},{"ancestorTitles":["F0.1.1: Docker Engine Setup","F0.1.1.T003: Directory Structure"],"fullName":"F0.1.1: Docker Engine Setup F0.1.1.T003: Directory Structure should have directory: workers/monitoring","status":"passed","title":"should have directory: workers/monitoring","duration":0.12361700000002429,"failureMessages":[],"meta":{}},{"ancestorTitles":["F0.1.1: Docker Engine Setup","F0.1.1.T003: Directory Structure"],"fullName":"F0.1.1: Docker Engine Setup F0.1.1.T003: Directory Structure should have directory: infra/docker","status":"passed","title":"should have directory: infra/docker","duration":0.15085199999998622,"failureMessages":[],"meta":{}},{"ancestorTitles":["F0.1.1: Docker Engine Setup","F0.1.1.T003: Directory Structure"],"fullName":"F0.1.1: Docker Engine Setup F0.1.1.T003: Directory Structure should have directory: infra/scripts","status":"passed","title":"should have directory: infra/scripts","duration":0.11435900000003585,"failureMessages":[],"meta":{}},{"ancestorTitles":["F0.1.1: Docker Engine Setup","F0.1.1.T003: Directory Structure"],"fullName":"F0.1.1: Docker Engine Setup F0.1.1.T003: Directory Structure should have directory: infra/config","status":"passed","title":"should have directory: infra/config","duration":0.13156299999997145,"failureMessages":[],"meta":{}},{"ancestorTitles":["F0.1.1: Docker Engine Setup","F0.1.1.T003: Directory Structure"],"fullName":"F0.1.1: Docker Engine Setup F0.1.1.T003: Directory Structure should have directory: docs/adr","status":"passed","title":"should have directory: docs/adr","duration":0.20569100000000162,"failureMessages":[],"meta":{}},{"ancestorTitles":["F0.1.1: Docker Engine Setup","F0.1.1.T003: Directory Structure"],"fullName":"F0.1.1: Docker Engine Setup F0.1.1.T003: Directory Structure should have directory: docs/architecture","status":"passed","title":"should have directory: docs/architecture","duration":0.25213500000000977,"failureMessages":[],"meta":{}},{"ancestorTitles":["F0.1.1: Docker Engine Setup","F0.1.1.T003: Directory Structure"],"fullName":"F0.1.1: Docker Engine Setup F0.1.1.T003: Directory Structure should have directory: docs/infrastructure","status":"passed","title":"should have directory: docs/infrastructure","duration":0.2718640000000505,"failureMessages":[],"meta":{}},{"ancestorTitles":["F0.1.1: Docker Engine Setup","F0.1.1.T003: Directory Structure"],"fullName":"F0.1.1: Docker Engine Setup F0.1.1.T003: Directory Structure should have directory: tests/unit","status":"passed","title":"should have directory: tests/unit","duration":0.15343700000005356,"failureMessages":[],"meta":{}},{"ancestorTitles":["F0.1.1: Docker Engine Setup","F0.1.1.T003: Directory Structure"],"fullName":"F0.1.1: Docker Engine Setup F0.1.1.T003: Directory Structure should have directory: tests/integration","status":"passed","title":"should have directory: tests/integration","duration":0.18044100000003027,"failureMessages":[],"meta":{}},{"ancestorTitles":["F0.1.1: Docker Engine Setup","F0.1.1.T003: Directory Structure"],"fullName":"F0.1.1: Docker Engine Setup F0.1.1.T003: Directory Structure should have directory: tests/e2e","status":"passed","title":"should have directory: tests/e2e","duration":0.15350700000004736,"failureMessages":[],"meta":{}},{"ancestorTitles":["F0.1.1: Docker Engine Setup","F0.1.1.T003: Directory Structure"],"fullName":"F0.1.1: Docker Engine Setup F0.1.1.T003: Directory Structure should have directory: secrets","status":"passed","title":"should have directory: secrets","duration":0.17155300000001716,"failureMessages":[],"meta":{}},{"ancestorTitles":["F0.1.2: Docker Networks Setup","F0.1.2.T001: Network Creation"],"fullName":"F0.1.2: Docker Networks Setup F0.1.2.T001: Network Creation should have cerniq_public network","status":"skipped","title":"should have cerniq_public network","failureMessages":[],"meta":{}},{"ancestorTitles":["F0.1.2: Docker Networks Setup","F0.1.2.T001: Network Creation"],"fullName":"F0.1.2: Docker Networks Setup F0.1.2.T001: Network Creation should have cerniq_backend network","status":"skipped","title":"should have cerniq_backend network","failureMessages":[],"meta":{}},{"ancestorTitles":["F0.1.2: Docker Networks Setup","F0.1.2.T001: Network Creation"],"fullName":"F0.1.2: Docker Networks Setup F0.1.2.T001: Network Creation should have cerniq_data network","status":"skipped","title":"should have cerniq_data network","failureMessages":[],"meta":{}},{"ancestorTitles":["F0.1.2: Docker Networks Setup","F0.1.2.T001: Network Creation"],"fullName":"F0.1.2: Docker Networks Setup F0.1.2.T001: Network Creation cerniq_public should NOT be internal","status":"skipped","title":"cerniq_public should NOT be internal","failureMessages":[],"meta":{}},{"ancestorTitles":["F0.1.2: Docker Networks Setup","F0.1.2.T001: Network Creation"],"fullName":"F0.1.2: Docker Networks Setup F0.1.2.T001: Network Creation cerniq_backend should be internal","status":"skipped","title":"cerniq_backend should be internal","failureMessages":[],"meta":{}},{"ancestorTitles":["F0.1.2: Docker Networks Setup","F0.1.2.T001: Network Creation"],"fullName":"F0.1.2: Docker Networks Setup F0.1.2.T001: Network Creation cerniq_data should be internal","status":"skipped","title":"cerniq_data should be internal","failureMessages":[],"meta":{}},{"ancestorTitles":["F0.1.2: Docker Networks Setup","F0.1.2.T001: Network Creation"],"fullName":"F0.1.2: Docker Networks Setup F0.1.2.T001: Network Creation should have correct subnet for cerniq_public (172.27.0.0/24)","status":"skipped","title":"should have correct subnet for cerniq_public (172.27.0.0/24)","failureMessages":[],"meta":{}},{"ancestorTitles":["F0.1.2: Docker Networks Setup","F0.1.2.T001: Network Creation"],"fullName":"F0.1.2: Docker Networks Setup F0.1.2.T001: Network Creation should have correct subnet for cerniq_backend (172.28.0.0/24)","status":"skipped","title":"should have correct subnet for cerniq_backend (172.28.0.0/24)","failureMessages":[],"meta":{}},{"ancestorTitles":["F0.1.2: Docker Networks Setup","F0.1.2.T001: Network Creation"],"fullName":"F0.1.2: Docker Networks Setup F0.1.2.T001: Network Creation should have correct subnet for cerniq_data (172.29.0.0/24)","status":"skipped","title":"should have correct subnet for cerniq_data (172.29.0.0/24)","failureMessages":[],"meta":{}},{"ancestorTitles":["F0.1.2: Docker Networks Setup","F0.1.2.T002: docker-compose.yml Base"],"fullName":"F0.1.2: Docker Networks Setup F0.1.2.T002: docker-compose.yml Base should have docker-compose.yml file","status":"passed","title":"should have docker-compose.yml file","duration":0.28012999999998556,"failureMessages":[],"meta":{}},{"ancestorTitles":["F0.1.2: Docker Networks Setup","F0.1.2.T002: docker-compose.yml Base"],"fullName":"F0.1.2: Docker Networks Setup F0.1.2.T002: docker-compose.yml Base should be valid YAML","status":"passed","title":"should be valid YAML","duration":0.226333000000011,"failureMessages":[],"meta":{}},{"ancestorTitles":["F0.1.2: Docker Networks Setup","F0.1.2.T002: docker-compose.yml Base"],"fullName":"F0.1.2: Docker Networks Setup F0.1.2.T002: docker-compose.yml Base should have project name \"cerniq\"","status":"passed","title":"should have project name \"cerniq\"","duration":0.15934900000002017,"failureMessages":[],"meta":{}},{"ancestorTitles":["F0.1.2: Docker Networks Setup","F0.1.2.T002: docker-compose.yml Base"],"fullName":"F0.1.2: Docker Networks Setup F0.1.2.T002: docker-compose.yml Base should have cerniq_public network as external","status":"passed","title":"should have cerniq_public network as external","duration":0.3646800000000212,"failureMessages":[],"meta":{}},{"ancestorTitles":["F0.1.2: Docker Networks Setup","F0.1.2.T002: docker-compose.yml Base"],"fullName":"F0.1.2: Docker Networks Setup F0.1.2.T002: docker-compose.yml Base should have cerniq_backend network as external","status":"passed","title":"should have cerniq_backend network as external","duration":0.2634270000000356,"failureMessages":[],"meta":{}},{"ancestorTitles":["F0.1.2: Docker Networks Setup","F0.1.2.T002: docker-compose.yml Base"],"fullName":"F0.1.2: Docker Networks Setup F0.1.2.T002: docker-compose.yml Base should have cerniq_data network as external","status":"passed","title":"should have cerniq_data network as external","duration":0.2398900000000026,"failureMessages":[],"meta":{}},{"ancestorTitles":["F0.1.2: Docker Networks Setup","F0.1.2.T002: docker-compose.yml Base"],"fullName":"F0.1.2: Docker Networks Setup F0.1.2.T002: docker-compose.yml Base should define postgres_data volume","status":"passed","title":"should define postgres_data volume","duration":0.4827470000000176,"failureMessages":[],"meta":{}},{"ancestorTitles":["F0.1.2: Docker Networks Setup","F0.1.2.T002: docker-compose.yml Base"],"fullName":"F0.1.2: Docker Networks Setup F0.1.2.T002: docker-compose.yml Base should define redis_data volume","status":"passed","title":"should define redis_data volume","duration":0.23592199999995955,"failureMessages":[],"meta":{}},{"ancestorTitles":["F0.1.2: Docker Networks Setup","F0.1.2.T002: docker-compose.yml Base"],"fullName":"F0.1.2: Docker Networks Setup F0.1.2.T002: docker-compose.yml Base should define traefik_certs volume","status":"passed","title":"should define traefik_certs volume","duration":0.14446900000001506,"failureMessages":[],"meta":{}},{"ancestorTitles":["F0.1.2: Docker Networks Setup","F0.1.2.T002: docker-compose.yml Base"],"fullName":"F0.1.2: Docker Networks Setup F0.1.2.T002: docker-compose.yml Base should define signoz_data volume","status":"passed","title":"should define signoz_data volume","duration":0.17323700000002873,"failureMessages":[],"meta":{}},{"ancestorTitles":["F0.1.2: Docker Networks Setup","F0.1.2.T002: docker-compose.yml Base"],"fullName":"F0.1.2: Docker Networks Setup F0.1.2.T002: docker-compose.yml Base should validate with docker compose config","status":"passed","title":"should validate with docker compose config","duration":180.49534299999993,"failureMessages":[],"meta":{}},{"ancestorTitles":["F0.1.3: Validation Scripts & Documentation","F0.1.3.T001: check-docker.sh Script"],"fullName":"F0.1.3: Validation Scripts & Documentation F0.1.3.T001: check-docker.sh Script should have check-docker.sh script","status":"passed","title":"should have check-docker.sh script","duration":0.1941380000000663,"failureMessages":[],"meta":{}},{"ancestorTitles":["F0.1.3: Validation Scripts & Documentation","F0.1.3.T001: check-docker.sh Script"],"fullName":"F0.1.3: Validation Scripts & Documentation F0.1.3.T001: check-docker.sh Script should be executable","status":"passed","title":"should be executable","duration":0.1821949999999788,"failureMessages":[],"meta":{}},{"ancestorTitles":["F0.1.3: Validation Scripts & Documentation","F0.1.3.T001: check-docker.sh Script"],"fullName":"F0.1.3: Validation Scripts & Documentation F0.1.3.T001: check-docker.sh Script should check Docker version","status":"passed","title":"should check Docker version","duration":0.19219399999997222,"failureMessages":[],"meta":{}},{"ancestorTitles":["F0.1.3: Validation Scripts & Documentation","F0.1.3.T001: check-docker.sh Script"],"fullName":"F0.1.3: Validation Scripts & Documentation F0.1.3.T001: check-docker.sh Script should check Docker Compose version","status":"passed","title":"should check Docker Compose version","duration":0.15341699999999037,"failureMessages":[],"meta":{}},{"ancestorTitles":["F0.1.3: Validation Scripts & Documentation","F0.1.3.T001: check-docker.sh Script"],"fullName":"F0.1.3: Validation Scripts & Documentation F0.1.3.T001: check-docker.sh Script should validate networks","status":"passed","title":"should validate networks","duration":0.19379800000001524,"failureMessages":[],"meta":{}},{"ancestorTitles":["F0.1.3: Validation Scripts & Documentation","F0.1.3.T001: check-docker.sh Script"],"fullName":"F0.1.3: Validation Scripts & Documentation F0.1.3.T001: check-docker.sh Script should validate subnets 172.27-29","status":"passed","title":"should validate subnets 172.27-29","duration":0.24458899999990535,"failureMessages":[],"meta":{}},{"ancestorTitles":["F0.1.3: Validation Scripts & Documentation","F0.1.3.T002: Log Rotation Documentation"],"fullName":"F0.1.3: Validation Scripts & Documentation F0.1.3.T002: Log Rotation Documentation should have docker-log-rotation.md","status":"passed","title":"should have docker-log-rotation.md","duration":0.11223500000005515,"failureMessages":[],"meta":{}},{"ancestorTitles":["F0.1.3: Validation Scripts & Documentation","F0.1.3.T002: Log Rotation Documentation"],"fullName":"F0.1.3: Validation Scripts & Documentation F0.1.3.T002: Log Rotation Documentation should document max-size setting","status":"passed","title":"should document max-size setting","duration":0.16327699999999368,"failureMessages":[],"meta":{}},{"ancestorTitles":["F0.1.3: Validation Scripts & Documentation","F0.1.3.T002: Log Rotation Documentation"],"fullName":"F0.1.3: Validation Scripts & Documentation F0.1.3.T002: Log Rotation Documentation should document max-file setting","status":"passed","title":"should document max-file setting","duration":0.15117300000008527,"failureMessages":[],"meta":{}},{"ancestorTitles":["F0.1.3: Validation Scripts & Documentation","F0.1.3.T003: Network Topology Documentation"],"fullName":"F0.1.3: Validation Scripts & Documentation F0.1.3.T003: Network Topology Documentation should have network-topology.md","status":"passed","title":"should have network-topology.md","duration":0.11873800000000756,"failureMessages":[],"meta":{}},{"ancestorTitles":["F0.1.3: Validation Scripts & Documentation","F0.1.3.T003: Network Topology Documentation"],"fullName":"F0.1.3: Validation Scripts & Documentation F0.1.3.T003: Network Topology Documentation should document cerniq_public network","status":"passed","title":"should document cerniq_public network","duration":0.1769450000000461,"failureMessages":[],"meta":{}},{"ancestorTitles":["F0.1.3: Validation Scripts & Documentation","F0.1.3.T003: Network Topology Documentation"],"fullName":"F0.1.3: Validation Scripts & Documentation F0.1.3.T003: Network Topology Documentation should document cerniq_backend network","status":"passed","title":"should document cerniq_backend network","duration":0.16226399999993646,"failureMessages":[],"meta":{}},{"ancestorTitles":["F0.1.3: Validation Scripts & Documentation","F0.1.3.T003: Network Topology Documentation"],"fullName":"F0.1.3: Validation Scripts & Documentation F0.1.3.T003: Network Topology Documentation should document cerniq_data network","status":"passed","title":"should document cerniq_data network","duration":0.1582059999999501,"failureMessages":[],"meta":{}},{"ancestorTitles":["F0.1.3: Validation Scripts & Documentation","F0.1.3.T003: Network Topology Documentation"],"fullName":"F0.1.3: Validation Scripts & Documentation F0.1.3.T003: Network Topology Documentation should document correct subnets (172.27-29)","status":"passed","title":"should document correct subnets (172.27-29)","duration":0.21140300000001844,"failureMessages":[],"meta":{}},{"ancestorTitles":["F0.1.3: Validation Scripts & Documentation","F0.1.3.T003: Network Topology Documentation"],"fullName":"F0.1.3: Validation Scripts & Documentation F0.1.3.T003: Network Topology Documentation should explain internal vs external networks","status":"passed","title":"should explain internal vs external networks","duration":0.1909330000000864,"failureMessages":[],"meta":{}},{"ancestorTitles":["CI/CD: Deploy Workflow"],"fullName":"CI/CD: Deploy Workflow should have deploy.yml workflow","status":"passed","title":"should have deploy.yml workflow","duration":0.16071099999999205,"failureMessages":[],"meta":{}},{"ancestorTitles":["CI/CD: Deploy Workflow"],"fullName":"CI/CD: Deploy Workflow should trigger on push to main","status":"passed","title":"should trigger on push to main","duration":0.6367250000000695,"failureMessages":[],"meta":{}},{"ancestorTitles":["CI/CD: Deploy Workflow"],"fullName":"CI/CD: Deploy Workflow should trigger on push to develop","status":"passed","title":"should trigger on push to develop","duration":0.1523140000000467,"failureMessages":[],"meta":{}},{"ancestorTitles":["CI/CD: Deploy Workflow"],"fullName":"CI/CD: Deploy Workflow should trigger on push to feature branches","status":"passed","title":"should trigger on push to feature branches","duration":0.13865799999996398,"failureMessages":[],"meta":{}},{"ancestorTitles":["CI/CD: Deploy Workflow"],"fullName":"CI/CD: Deploy Workflow should trigger on version tags","status":"passed","title":"should trigger on version tags","duration":0.13709400000004734,"failureMessages":[],"meta":{}},{"ancestorTitles":["CI/CD: Deploy Workflow"],"fullName":"CI/CD: Deploy Workflow should have staging deployment job","status":"passed","title":"should have staging deployment job","duration":0.09346800000002986,"failureMessages":[],"meta":{}},{"ancestorTitles":["CI/CD: Deploy Workflow"],"fullName":"CI/CD: Deploy Workflow should have production deployment job","status":"passed","title":"should have production deployment job","duration":0.08579100000008566,"failureMessages":[],"meta":{}},{"ancestorTitles":["Server: /opt/cerniq Structure"],"fullName":"Server: /opt/cerniq Structure should have /opt/cerniq directory","status":"skipped","title":"should have /opt/cerniq directory","failureMessages":[],"meta":{}},{"ancestorTitles":["Server: /opt/cerniq Structure"],"fullName":"Server: /opt/cerniq Structure should have /opt/cerniq/scripts directory","status":"skipped","title":"should have /opt/cerniq/scripts directory","failureMessages":[],"meta":{}},{"ancestorTitles":["Server: /opt/cerniq Structure"],"fullName":"Server: /opt/cerniq Structure should have /opt/cerniq/secrets directory","status":"skipped","title":"should have /opt/cerniq/secrets directory","failureMessages":[],"meta":{}},{"ancestorTitles":["Server: /opt/cerniq Structure"],"fullName":"Server: /opt/cerniq Structure should have /opt/cerniq/config directory","status":"skipped","title":"should have /opt/cerniq/config directory","failureMessages":[],"meta":{}},{"ancestorTitles":["Server: /opt/cerniq Structure"],"fullName":"Server: /opt/cerniq Structure should have docker-compose.yml in /opt/cerniq","status":"skipped","title":"should have docker-compose.yml in /opt/cerniq","failureMessages":[],"meta":{}},{"ancestorTitles":["Server: /opt/cerniq Structure"],"fullName":"Server: /opt/cerniq Structure should have check-docker.sh in /opt/cerniq/scripts","status":"skipped","title":"should have check-docker.sh in /opt/cerniq/scripts","failureMessages":[],"meta":{}}],"startTime":1770133157779,"endTime":1770133158001.1523,"status":"passed","message":"","name":"/var/www/CerniqAPP/tests/e2e/infrastructure/e0-s2-pr01-docker-base.test.ts"}]}